{
  "0 debug pnpm:scope": {
    "selected": 1,
    "workspacePrefix": null
  },
  "1 debug pnpm": {
    "isCaseSensitive": false,
    "store": "C:\\Users\\Florin Hamann\\.pnpm-store\\2"
  },
  "2 error pnpm": {
    "message": {
      "name": "JSONError",
      "fileName": "C:\\Users\\Florin Hamann\\Documents\\Development\\youtube-clone\\package.json",
      "codeFrame": "\u001b[0m \u001b[90m 12 | \u001b[39m    \u001b[32m\"start\"\u001b[39m\u001b[33m:\u001b[39m \u001b[32m\"set NODE_ENV=prod node server\"\u001b[39m\u001b[33m,\u001b[39m\u001b[0m\n\u001b[0m \u001b[90m 13 | \u001b[39m    \u001b[32m\"server\"\u001b[39m\u001b[33m:\u001b[39m \u001b[32m\"set NODE_ENV=dev&& node server\"\u001b[39m\u001b[33m,\u001b[39m\u001b[0m\n\u001b[0m\u001b[31m\u001b[1m>\u001b[22m\u001b[39m\u001b[90m 14 | \u001b[39m    \u001b[90m// \"installclient\": \"cd client && pnpm install\",\u001b[39m\u001b[0m\n\u001b[0m \u001b[90m    | \u001b[39m    \u001b[31m\u001b[1m^\u001b[22m\u001b[39m\u001b[0m\n\u001b[0m \u001b[90m 15 | \u001b[39m    \u001b[90m// \"installserver\": \"cd server && pnpm install\",\u001b[39m\u001b[0m\n\u001b[0m \u001b[90m 16 | \u001b[39m    \u001b[90m// \"install\": \"\\\"installclient\\\" \\\"installserver\\\"\"\u001b[39m\u001b[0m\n\u001b[0m \u001b[90m 17 | \u001b[39m  }\u001b[33m,\u001b[39m\u001b[0m",
      "code": "ERR_PNPM_JSON_PARSE"
    },
    "err": {
      "name": "JSONError",
      "message": "Unexpected token / in JSON at position 475 while parsing near '... node server\",\r    // \"installclient\": ...' in C:\\Users\\Florin Hamann\\Documents\\Development\\youtube-clone\\package.json \n\n\u001b[0m \u001b[90m 12 | \u001b[39m    \u001b[32m\"start\"\u001b[39m\u001b[33m:\u001b[39m \u001b[32m\"set NODE_ENV=prod node server\"\u001b[39m\u001b[33m,\u001b[39m\u001b[0m\n\u001b[0m \u001b[90m 13 | \u001b[39m    \u001b[32m\"server\"\u001b[39m\u001b[33m:\u001b[39m \u001b[32m\"set NODE_ENV=dev&& node server\"\u001b[39m\u001b[33m,\u001b[39m\u001b[0m\n\u001b[0m\u001b[31m\u001b[1m>\u001b[22m\u001b[39m\u001b[90m 14 | \u001b[39m    \u001b[90m// \"installclient\": \"cd client && pnpm install\",\u001b[39m\u001b[0m\n\u001b[0m \u001b[90m    | \u001b[39m    \u001b[31m\u001b[1m^\u001b[22m\u001b[39m\u001b[0m\n\u001b[0m \u001b[90m 15 | \u001b[39m    \u001b[90m// \"installserver\": \"cd server && pnpm install\",\u001b[39m\u001b[0m\n\u001b[0m \u001b[90m 16 | \u001b[39m    \u001b[90m// \"install\": \"\\\"installclient\\\" \\\"installserver\\\"\"\u001b[39m\u001b[0m\n\u001b[0m \u001b[90m 17 | \u001b[39m  }\u001b[33m,\u001b[39m\u001b[0m\n",
      "code": "ERR_PNPM_JSON_PARSE",
      "stack": "JSONError: Unexpected token / in JSON at position 475 while parsing near '... node server\",\r    // \"installclient\": ...' in C:\\Users\\Florin Hamann\\Documents\\Development\\youtube-clone\\package.json \n\n\u001b[0m \u001b[90m 12 | \u001b[39m    \u001b[32m\"start\"\u001b[39m\u001b[33m:\u001b[39m \u001b[32m\"set NODE_ENV=prod node server\"\u001b[39m\u001b[33m,\u001b[39m\u001b[0m\n\u001b[0m \u001b[90m 13 | \u001b[39m    \u001b[32m\"server\"\u001b[39m\u001b[33m:\u001b[39m \u001b[32m\"set NODE_ENV=dev&& node server\"\u001b[39m\u001b[33m,\u001b[39m\u001b[0m\n\u001b[0m\u001b[31m\u001b[1m>\u001b[22m\u001b[39m\u001b[90m 14 | \u001b[39m    \u001b[90m// \"installclient\": \"cd client && pnpm install\",\u001b[39m\u001b[0m\n\u001b[0m \u001b[90m    | \u001b[39m    \u001b[31m\u001b[1m^\u001b[22m\u001b[39m\u001b[0m\n\u001b[0m \u001b[90m 15 | \u001b[39m    \u001b[90m// \"installserver\": \"cd server && pnpm install\",\u001b[39m\u001b[0m\n\u001b[0m \u001b[90m 16 | \u001b[39m    \u001b[90m// \"install\": \"\\\"installclient\\\" \\\"installserver\\\"\"\u001b[39m\u001b[0m\n\u001b[0m \u001b[90m 17 | \u001b[39m  }\u001b[33m,\u001b[39m\u001b[0m\n\n    at module.exports (C:\\Users\\Florin Hamann\\AppData\\Roaming\\npm\\node_modules\\pnpm\\lib\\node_modules\\parse-json\\index.js:29:21)\n    at Object.readJsonFile (C:\\Users\\Florin Hamann\\AppData\\Roaming\\npm\\node_modules\\pnpm\\lib\\node_modules\\@pnpm\\read-importer-manifest\\lib\\readFile.js:28:19)"
    }
  }
}